{"name": "Signup icon should be present -- @1.1 ", "status": "broken", "statusDetails": {"message": "selenium.common.exceptions.NoSuchElementException: Message: no such element: Unable to locate element: {\"method\":\"xpath\",\"selector\":\"//div[text()=\"Facebook\"]\"}\n  (Session info: chrome=107.0.5304.87)\n\n", "trace": "  File \"C:\\Users\\shris\\AppData\\Local\\Programs\\Python\\Python310\\lib\\site-packages\\behave\\model.py\", line 1329, in run\n    match.run(runner.context)\n  File \"C:\\Users\\shris\\AppData\\Local\\Programs\\Python\\Python310\\lib\\site-packages\\behave\\matchers.py\", line 98, in run\n    self.func(context, *args, **kwargs)\n  File \"features\\steps\\redbus_steps.py\", line 53, in facebook_link\n    context.driver.find_element('xpath', '//div[text()=\"Facebook\"]').click()\n  File \"C:\\Users\\shris\\AppData\\Local\\Programs\\Python\\Python310\\lib\\site-packages\\selenium\\webdriver\\remote\\webdriver.py\", line 976, in find_element\n    return self.execute(Command.FIND_ELEMENT, {\n  File \"C:\\Users\\shris\\AppData\\Local\\Programs\\Python\\Python310\\lib\\site-packages\\selenium\\webdriver\\remote\\webdriver.py\", line 321, in execute\n    self.error_handler.check_response(response)\n  File \"C:\\Users\\shris\\AppData\\Local\\Programs\\Python\\Python310\\lib\\site-packages\\selenium\\webdriver\\remote\\errorhandler.py\", line 242, in check_response\n    raise exception_class(message, screen, stacktrace)\n"}, "steps": [{"name": "Given User should be able to launch the browser", "status": "passed", "start": 1667382868323, "stop": 1667382872085}, {"name": "When User should be able to click on signup icon", "status": "passed", "start": 1667382872085, "stop": 1667382872213}, {"name": "Then User should be able to click on signup link", "status": "passed", "start": 1667382872214, "stop": 1667382872349}, {"name": "Then User should be able to click on Facebook link", "status": "broken", "statusDetails": {"message": "selenium.common.exceptions.NoSuchElementException: Message: no such element: Unable to locate element: {\"method\":\"xpath\",\"selector\":\"//div[text()=\"Facebook\"]\"}\n  (Session info: chrome=107.0.5304.87)\n\n", "trace": "  File \"C:\\Users\\shris\\AppData\\Local\\Programs\\Python\\Python310\\lib\\site-packages\\behave\\model.py\", line 1329, in run\n    match.run(runner.context)\n  File \"C:\\Users\\shris\\AppData\\Local\\Programs\\Python\\Python310\\lib\\site-packages\\behave\\matchers.py\", line 98, in run\n    self.func(context, *args, **kwargs)\n  File \"features\\steps\\redbus_steps.py\", line 53, in facebook_link\n    context.driver.find_element('xpath', '//div[text()=\"Facebook\"]').click()\n  File \"C:\\Users\\shris\\AppData\\Local\\Programs\\Python\\Python310\\lib\\site-packages\\selenium\\webdriver\\remote\\webdriver.py\", line 976, in find_element\n    return self.execute(Command.FIND_ELEMENT, {\n  File \"C:\\Users\\shris\\AppData\\Local\\Programs\\Python\\Python310\\lib\\site-packages\\selenium\\webdriver\\remote\\webdriver.py\", line 321, in execute\n    self.error_handler.check_response(response)\n  File \"C:\\Users\\shris\\AppData\\Local\\Programs\\Python\\Python310\\lib\\site-packages\\selenium\\webdriver\\remote\\errorhandler.py\", line 242, in check_response\n    raise exception_class(message, screen, stacktrace)\n"}, "start": 1667382872349, "stop": 1667382884210}, {"name": "And user should be able to provide vaild email \"shrisharan1432@gmail.com\"", "status": "skipped", "start": 1667382884212, "stop": 1667382884212}, {"name": "Then user should be able to provide vaild password \"shribeast\"", "status": "skipped", "start": 1667382884212, "stop": 1667382884212}, {"name": "And user should be able to click on login button", "status": "skipped", "start": 1667382884212, "stop": 1667382884212}], "parameters": [{"name": "email", "value": "shrisharan1432@gmail.com"}, {"name": "password", "value": "shribeast"}], "start": 1667382868321, "stop": 1667382884212, "uuid": "d885baff-8531-440b-8220-79c3369eb02b", "historyId": "2daada98dd12aa0ff69667b829c9696b", "fullName": "RedBus_facebook: Signup icon should be present", "labels": [{"name": "severity", "value": "normal"}, {"name": "feature", "value": "RedBus_facebook"}, {"name": "framework", "value": "behave"}, {"name": "language", "value": "cpython3"}]}