{"name": "Signup icon should be present -- @1.1 ", "status": "broken", "statusDetails": {"message": "selenium.common.exceptions.NoSuchElementException: Message: no such element: Unable to locate element: {\"method\":\"xpath\",\"selector\":\"(//span[text()=\"Sign in with Google\"])[1]\"}\n  (Session info: chrome=107.0.5304.87)\n\n", "trace": "  File \"C:\\Users\\shris\\AppData\\Local\\Programs\\Python\\Python310\\lib\\site-packages\\behave\\model.py\", line 1329, in run\n    match.run(runner.context)\n  File \"C:\\Users\\shris\\AppData\\Local\\Programs\\Python\\Python310\\lib\\site-packages\\behave\\matchers.py\", line 98, in run\n    self.func(context, *args, **kwargs)\n  File \"features\\steps\\redbus_steps.py\", line 82, in gmail_link\n    context.driver.find_element('xpath', '(//span[text()=\"Sign in with Google\"])[1]').click()\n  File \"C:\\Users\\shris\\AppData\\Local\\Programs\\Python\\Python310\\lib\\site-packages\\selenium\\webdriver\\remote\\webdriver.py\", line 976, in find_element\n    return self.execute(Command.FIND_ELEMENT, {\n  File \"C:\\Users\\shris\\AppData\\Local\\Programs\\Python\\Python310\\lib\\site-packages\\selenium\\webdriver\\remote\\webdriver.py\", line 321, in execute\n    self.error_handler.check_response(response)\n  File \"C:\\Users\\shris\\AppData\\Local\\Programs\\Python\\Python310\\lib\\site-packages\\selenium\\webdriver\\remote\\errorhandler.py\", line 242, in check_response\n    raise exception_class(message, screen, stacktrace)\n"}, "steps": [{"name": "Given User should be able to launch the browser", "status": "passed", "start": 1667382370986, "stop": 1667382374751}, {"name": "When User should be able to click on signup icon", "status": "passed", "start": 1667382374751, "stop": 1667382374880}, {"name": "Then User should be able to click on signup link", "status": "passed", "start": 1667382374880, "stop": 1667382375031}, {"name": "Then User should be able to click on gmail link", "status": "broken", "statusDetails": {"message": "selenium.common.exceptions.NoSuchElementException: Message: no such element: Unable to locate element: {\"method\":\"xpath\",\"selector\":\"(//span[text()=\"Sign in with Google\"])[1]\"}\n  (Session info: chrome=107.0.5304.87)\n\n", "trace": "  File \"C:\\Users\\shris\\AppData\\Local\\Programs\\Python\\Python310\\lib\\site-packages\\behave\\model.py\", line 1329, in run\n    match.run(runner.context)\n  File \"C:\\Users\\shris\\AppData\\Local\\Programs\\Python\\Python310\\lib\\site-packages\\behave\\matchers.py\", line 98, in run\n    self.func(context, *args, **kwargs)\n  File \"features\\steps\\redbus_steps.py\", line 82, in gmail_link\n    context.driver.find_element('xpath', '(//span[text()=\"Sign in with Google\"])[1]').click()\n  File \"C:\\Users\\shris\\AppData\\Local\\Programs\\Python\\Python310\\lib\\site-packages\\selenium\\webdriver\\remote\\webdriver.py\", line 976, in find_element\n    return self.execute(Command.FIND_ELEMENT, {\n  File \"C:\\Users\\shris\\AppData\\Local\\Programs\\Python\\Python310\\lib\\site-packages\\selenium\\webdriver\\remote\\webdriver.py\", line 321, in execute\n    self.error_handler.check_response(response)\n  File \"C:\\Users\\shris\\AppData\\Local\\Programs\\Python\\Python310\\lib\\site-packages\\selenium\\webdriver\\remote\\errorhandler.py\", line 242, in check_response\n    raise exception_class(message, screen, stacktrace)\n"}, "start": 1667382375031, "stop": 1667382387019}, {"name": "Then user should be able to enter email \"shrisharan1432@gmail.com\"", "status": "skipped", "start": 1667382387021, "stop": 1667382387021}, {"name": "Then user should be able to click om next button", "status": "skipped", "start": 1667382387021, "stop": 1667382387021}, {"name": "Then user should be able to enter password \"shribeas\"", "status": "skipped", "start": 1667382387021, "stop": 1667382387021}], "parameters": [{"name": "gmail", "value": "shrisharan1432@gmail.com"}, {"name": "password", "value": "shribeas"}], "start": 1667382370984, "stop": 1667382387021, "uuid": "f7495a59-6b24-483a-bed5-068fd00982e9", "historyId": "952bb59ee4bc7f423d1b051de79c0f79", "fullName": "RedBus_gmail: Signup icon should be present", "labels": [{"name": "severity", "value": "normal"}, {"name": "feature", "value": "RedBus_gmail"}, {"name": "framework", "value": "behave"}, {"name": "language", "value": "cpython3"}]}